<?xml version="1.0" encoding="UTF-8"?>
<testsuite name="br.cmoreira.suites.SuiteGeral" time="13.352" tests="10" errors="0" skipped="0" failures="0">
  <properties>
    <property name="java.runtime.name" value="OpenJDK Runtime Environment"/>
    <property name="java.vm.version" value="11.0.16.1+1-LTS"/>
    <property name="sun.boot.library.path" value="C:\Program Files\Microsoft\jdk-11.0.16.101-hotspot\bin"/>
    <property name="maven.multiModuleProjectDirectory" value="C:\Users\ASUS\eclipse-workspace\testando-aplicacao-real"/>
    <property name="java.vm.vendor" value="Microsoft"/>
    <property name="java.vendor.url" value="https://www.microsoft.com"/>
    <property name="guice.disable.misplaced.annotation.check" value="true"/>
    <property name="path.separator" value=";"/>
    <property name="java.vm.name" value="OpenJDK 64-Bit Server VM"/>
    <property name="sun.os.patch.level" value=""/>
    <property name="user.script" value=""/>
    <property name="user.country" value="BR"/>
    <property name="sun.java.launcher" value="SUN_STANDARD"/>
    <property name="java.vm.specification.name" value="Java Virtual Machine Specification"/>
    <property name="user.dir" value="C:\Users\ASUS\eclipse-workspace\testando-aplicacao-real"/>
    <property name="java.vm.compressedOopsMode" value="Zero based"/>
    <property name="java.runtime.version" value="11.0.16.1+1-LTS"/>
    <property name="java.awt.graphicsenv" value="sun.awt.Win32GraphicsEnvironment"/>
    <property name="os.arch" value="amd64"/>
    <property name="java.io.tmpdir" value="N:\TMP\"/>
    <property name="line.separator" value="&#10;"/>
    <property name="java.vm.specification.vendor" value="Oracle Corporation"/>
    <property name="user.variant" value=""/>
    <property name="os.name" value="Windows 10"/>
    <property name="classworlds.conf" value="C:\Users\ASUS\Downloads\apache-maven-3.9.6\bin\m2.conf"/>
    <property name="sun.jnu.encoding" value="Cp1252"/>
    <property name="java.library.path" value="C:\Program Files\Microsoft\jdk-11.0.16.101-hotspot\bin;C:\Windows\Sun\Java\bin;C:\Windows\system32;C:\Windows;C:\Program Files\Microsoft\jdk-11.0.16.101-hotspot\bin;C:\Program Files (x86)\Common Files\Oracle\Java\javapath;C:\ProgramData\Oracle\Java\javapath;C:\Program Files (x86)\Razer Chroma SDK\bin;C:\Program Files\Razer Chroma SDK\bin;C:\Windows\system32;C:\Windows;C:\Windows\System32\Wbem;C:\Windows\System32\WindowsPowerShell\v1.0\;C:\Windows\System32\OpenSSH\;C:\Users\ASUS\AppData\Local\Microsoft\WindowsApps;C:\Program Files\Microsoft SQL Server\150\Tools\Binn\;C:\Program Files\Microsoft SQL Server\Client SDK\ODBC\170\Tools\Binn\;C:\Program Files\dotnet\;C:\Users\ASUS\AppData\Roaming\nvm;C:\Program Files\nodejs;C:\Program Files\Git\cmd;C:\Users\ASUS\Downloads\apache-maven-3.9.6\bin;C:\Users\ASUS\AppData\Local\Microsoft\WindowsApps;C:\Users\ASUS\AppData\Local\Programs\Microsoft VS Code\bin;C:\Users\ASUS\.dotnet\tools;C:\Users\ASUS\AppData\Roaming\npm;C:\Users\ASUS\AppData\Roaming\nvm;C:\Program Files\nodejs;."/>
    <property name="maven.conf" value="C:\Users\ASUS\Downloads\apache-maven-3.9.6/conf"/>
    <property name="jdk.debug" value="release"/>
    <property name="java.class.version" value="55.0"/>
    <property name="java.specification.name" value="Java Platform API Specification"/>
    <property name="sun.management.compiler" value="HotSpot 64-Bit Tiered Compilers"/>
    <property name="os.version" value="10.0"/>
    <property name="library.jansi.path" value="C:\Users\ASUS\Downloads\apache-maven-3.9.6\lib\jansi-native"/>
    <property name="user.home" value="C:\Users\ASUS"/>
    <property name="user.timezone" value="America/Sao_Paulo"/>
    <property name="java.awt.printerjob" value="sun.awt.windows.WPrinterJob"/>
    <property name="file.encoding" value="Cp1252"/>
    <property name="java.specification.version" value="11"/>
    <property name="user.name" value="ASUS"/>
    <property name="java.class.path" value="C:\Users\ASUS\Downloads\apache-maven-3.9.6\boot\plexus-classworlds-2.7.0.jar"/>
    <property name="java.vm.specification.version" value="11"/>
    <property name="sun.arch.data.model" value="64"/>
    <property name="sun.java.command" value="org.codehaus.plexus.classworlds.launcher.Launcher test"/>
    <property name="java.home" value="C:\Program Files\Microsoft\jdk-11.0.16.101-hotspot"/>
    <property name="user.language" value="pt"/>
    <property name="java.specification.vendor" value="Oracle Corporation"/>
    <property name="awt.toolkit" value="sun.awt.windows.WToolkit"/>
    <property name="java.vm.info" value="mixed mode"/>
    <property name="java.version" value="11.0.16.1"/>
    <property name="java.vendor" value="Microsoft"/>
    <property name="sun.stderr.encoding" value="cp850"/>
    <property name="maven.home" value="C:\Users\ASUS\Downloads\apache-maven-3.9.6"/>
    <property name="file.separator" value="\"/>
    <property name="java.version.date" value="2022-08-12"/>
    <property name="java.vendor.url.bug" value="https://github.com/microsoft/openjdk/issues"/>
    <property name="sun.io.unicode.encoding" value="UnicodeLittle"/>
    <property name="sun.cpu.endian" value="little"/>
    <property name="java.vendor.version" value="Microsoft-40648"/>
    <property name="sun.stdout.encoding" value="cp850"/>
    <property name="sun.desktop" value="windows"/>
    <property name="sun.cpu.isalist" value="amd64"/>
  </properties>
  <testcase name="test1_InserirConta on test1_InserirConta(br.cmoreira.tests.ContaTest)" classname="br.cmoreira.tests.ContaTest" time="1.345"/>
  <testcase name="test2_AlterarConta on test2_AlterarConta(br.cmoreira.tests.ContaTest)" classname="br.cmoreira.tests.ContaTest" time="1.567"/>
  <testcase name="test3_InserirContaComMesmoNome on test3_InserirContaComMesmoNome(br.cmoreira.tests.ContaTest)" classname="br.cmoreira.tests.ContaTest" time="1.332"/>
  <testcase name="test1_InserirMovimentacao on test1_InserirMovimentacao(br.cmoreira.tests.MovimentacaoTest)" classname="br.cmoreira.tests.MovimentacaoTest" time="1.692"/>
  <testcase name="test2_CamposObrigatoriosMovimentacao on test2_CamposObrigatoriosMovimentacao(br.cmoreira.tests.MovimentacaoTest)" classname="br.cmoreira.tests.MovimentacaoTest" time="1.197"/>
  <testcase name="test3_InserirMovimentacaoFutura on test3_InserirMovimentacaoFutura(br.cmoreira.tests.MovimentacaoTest)" classname="br.cmoreira.tests.MovimentacaoTest" time="1.658"/>
  <testcase name="testRemoverContaComMovimentacao on testRemoverContaComMovimentacao(br.cmoreira.tests.RemoverMovimentacaoContaTest)" classname="br.cmoreira.tests.RemoverMovimentacaoContaTest" time="1.317"/>
  <testcase name="testVerificarSaldo on testVerificarSaldo(br.cmoreira.tests.SaldoTest)" classname="br.cmoreira.tests.SaldoTest" time="1.062"/>
  <testcase name="test1_RemoverMovimentacao on test1_RemoverMovimentacao(br.cmoreira.tests.ResumoTest)" classname="br.cmoreira.tests.ResumoTest" time="1.183"/>
  <testcase name="test2_ResumoMensal on test2_ResumoMensal(br.cmoreira.tests.ResumoTest)" classname="br.cmoreira.tests.ResumoTest" time="0.999"/>
</testsuite>