<?xml version="1.0" encoding="UTF-8"?>
<!-- Generated by org.testng.reporters.JUnitReportReporter -->
<testsuite hostname="DESKTOP-OH75UE5" failures="0" tests="2" name="br.cmoreira.tests.ResumoTest" time="29.812" errors="0" timestamp="22 dez 2023 06:02:32 GMT" skipped="0">
  <testcase classname="br.cmoreira.tests.ResumoTest" name="test1_RemoverMovimentacao" time="14.406"/>
  <testcase classname="br.cmoreira.tests.ResumoTest" name="test2_ResumoMensal" time="15.406"/>
</testsuite> <!-- br.cmoreira.tests.ResumoTest -->
