<?xml version="1.0" encoding="UTF-8"?>
<!-- Generated by org.testng.reporters.JUnitReportReporter -->
<testsuite hostname="DESKTOP-OH75UE5" failures="0" tests="3" name="br.cmoreira.tests.MovimentacaoTest" time="28.025" errors="0" timestamp="22 dez 2023 06:02:32 GMT" skipped="0">
  <testcase classname="br.cmoreira.tests.MovimentacaoTest" name="test1_InserirMovimentacao" time="7.991"/>
  <testcase classname="br.cmoreira.tests.MovimentacaoTest" name="test3_InserirMovimentacaoFutura" time="10.846"/>
  <testcase classname="br.cmoreira.tests.MovimentacaoTest" name="test2_CamposObrigatoriosMovimentacao" time="9.188"/>
</testsuite> <!-- br.cmoreira.tests.MovimentacaoTest -->
