<?xml version="1.0" encoding="UTF-8"?>
<!-- Generated by org.testng.reporters.JUnitReportReporter -->
<testsuite hostname="DESKTOP-OH75UE5" failures="0" tests="1" name="br.cmoreira.tests.SaldoTest" time="13.224" errors="0" timestamp="22 dez 2023 06:02:32 GMT" skipped="0">
  <testcase classname="br.cmoreira.tests.SaldoTest" name="testVerificarSaldo" time="13.224"/>
</testsuite> <!-- br.cmoreira.tests.SaldoTest -->
