<?xml version="1.0" encoding="UTF-8"?>
<!-- Generated by org.testng.reporters.JUnitReportReporter -->
<testsuite hostname="DESKTOP-OH75UE5" failures="0" tests="3" name="br.cmoreira.tests.ContaTest" time="14.668" errors="0" timestamp="22 dez 2023 06:02:32 GMT" skipped="0">
  <testcase classname="br.cmoreira.tests.ContaTest" name="test1_InserirConta" time="3.400"/>
  <testcase classname="br.cmoreira.tests.ContaTest" name="test2_AlterarConta" time="4.968"/>
  <testcase classname="br.cmoreira.tests.ContaTest" name="test3_InserirContaComMesmoNome" time="6.300"/>
</testsuite> <!-- br.cmoreira.tests.ContaTest -->
